Started http server.
events.js:183
      throw er; // Unhandled 'error' event
      ^

Error: listen EADDRINUSE 104.239.141.198:8080
    at Object._errnoException (util.js:1022:11)
    at _exceptionWithHostPort (util.js:1044:20)
    at Server.setupListenHandle [as _listen2] (net.js:1367:14)
    at listenInCluster (net.js:1408:12)
    at GetAddrInfoReqWrap.doListen [as callback] (net.js:1517:7)
    at GetAddrInfoReqWrap.onlookup [as oncomplete] (dns.js:97:10)
error: Forever detected script exited with code: 1
error: Script restart attempt #1
Started http server.
events.js:183
      throw er; // Unhandled 'error' event
      ^

Error: listen EADDRINUSE 104.239.141.198:8080
    at Object._errnoException (util.js:1022:11)
    at _exceptionWithHostPort (util.js:1044:20)
    at Server.setupListenHandle [as _listen2] (net.js:1367:14)
    at listenInCluster (net.js:1408:12)
    at GetAddrInfoReqWrap.doListen [as callback] (net.js:1517:7)
    at GetAddrInfoReqWrap.onlookup [as oncomplete] (dns.js:97:10)
error: Forever detected script exited with code: 1
Started http server.
events.js:183
      throw er; // Unhandled 'error' event
      ^

Error: listen EADDRINUSE 104.239.141.198:8080
    at Object._errnoException (util.js:1022:11)
    at _exceptionWithHostPort (util.js:1044:20)
    at Server.setupListenHandle [as _listen2] (net.js:1367:14)
    at listenInCluster (net.js:1408:12)
    at GetAddrInfoReqWrap.doListen [as callback] (net.js:1517:7)
    at GetAddrInfoReqWrap.onlookup [as oncomplete] (dns.js:97:10)
error: Forever detected script exited with code: 1
